1 10 20
100 200 125
201 210 89
900 1000 174
37790 51637 314
69810 76458 325
68891 1780 340
38082 17379 324
12865 109653 354
100191 76974 351
647425 647355 292
652695 652774 217
349085 349092 167
718184 718197 119
642268 642329 217
198519 198615 329
435268 435265 188
476814 476811 245
898821 898822 88
819345 819338 176
202265 202269 161
218035 218039 94
923035 923031 171
494408 494415 139
650065 650074 186
890885 890882 171
345163 345165 198
516304 516310 183
355573 355563 242
339459 339463 154
111274 111264 142
223282 223206 262
19039 19014 199
111283 111260 168
169301 169353 197
380604 380641 224
142924 143020 282
201326 201340 267
244729 244669 213
71343 71383 219
48912 48880 221
86515 86480 227
69828 69891 157
911015 911074 264
95993 64653 351
408532 408583 312
718850 718753 318
214563 214662 249
998102 998052 228
119676 119593 243
979303 979299 153
685653 685718 261
18496 18448 230
317635 317536 185
900835 900883 233
267616 267704 270
436014 435957 281
111110 111125 155
157177 157164 202
18382 18386 93
89475 89480 271
574768 574767 222
217596 217604 249
96025 22357 351
68876 62858 330
93135 15458 351
149572 150035 370
152929 147578 370
108187 106789 323
157607 141475 383
116841 127887 336
100577 100649 235
568794 568450 284
36237 35656 249
382047 390468 436
973948 981129 427
139176 144035 375
435510 437635 387
221993 217670 355
158935 161292 370
679496 674833 385
68560 68658 237
919527 919454 264
454865 454803 307
415090 415136 250
351470 351495 273
237950 237974 169
312204 312198 159
205323 205317 192
642366 642361 217
773458 773466 163
189956 189952 223
246790 246785 63
6309 6927 244
5918 1454 238
1611 2227 183
3403 2775 217
375 3396 217
586 734 171
6389 5200 262
4249 2331 238
268 893 179
3970 1075 238
4907 6769 262
